1662014952.613774 client started (95168): version 3.3a, socket /tmp/tmux-1001/default, protocol 8
1662014952.613935 on Linux 5.10.104-tegra #1 SMP PREEMPT Wed Aug 10 20:17:07 PDT 2022
1662014952.613941 using libevent 2.1.12-stable (poll); ncurses 6.3
1662014952.613970 flags are 0x18010000
1662014952.613973 socket is /tmp/tmux-1001/default
1662014952.614011 trying connect
1662014952.614106 connect failed: No such file or directory
1662014952.614124 lock file is /tmp/tmux-1001/default.lock
1662014952.614805 flock succeeded
1662014952.614814 got lock (6)
1662014952.614830 trying connect
1662014952.614842 connect failed: No such file or directory
1662014952.615230 add peer 0x99dea60: 7 ((nil))
1662014952.615866 sending message 100 to peer 0x99dea60 (4 bytes)
1662014952.615894 sending message 111 to peer 0x99dea60 (8 bytes)
1662014952.615898 sending message 101 to peer 0x99dea60 (16 bytes)
1662014952.615902 sending message 109 to peer 0x99dea60 (4 bytes)
1662014952.615905 sending message 102 to peer 0x99dea60 (11 bytes)
1662014952.615908 sending message 108 to peer 0x99dea60 (37 bytes)
1662014952.615911 sending message 112 to peer 0x99dea60 (70 bytes)
1662014952.615914 sending message 112 to peer 0x99dea60 (5 bytes)
1662014952.615917 sending message 112 to peer 0x99dea60 (5 bytes)
1662014952.615919 sending message 112 to peer 0x99dea60 (6 bytes)
1662014952.615922 sending message 112 to peer 0x99dea60 (6 bytes)
1662014952.615925 sending message 112 to peer 0x99dea60 (11 bytes)
1662014952.615928 sending message 112 to peer 0x99dea60 (10 bytes)
1662014952.615931 sending message 112 to peer 0x99dea60 (13 bytes)
1662014952.615934 sending message 112 to peer 0x99dea60 (13 bytes)
1662014952.615937 sending message 112 to peer 0x99dea60 (18 bytes)
1662014952.615940 sending message 112 to peer 0x99dea60 (11 bytes)
1662014952.615943 sending message 112 to peer 0x99dea60 (21 bytes)
1662014952.615946 sending message 112 to peer 0x99dea60 (13 bytes)
1662014952.615948 sending message 112 to peer 0x99dea60 (7 bytes)
1662014952.615951 sending message 112 to peer 0x99dea60 (13 bytes)
1662014952.615954 sending message 112 to peer 0x99dea60 (7 bytes)
1662014952.615957 sending message 112 to peer 0x99dea60 (13 bytes)
1662014952.615960 sending message 112 to peer 0x99dea60 (9 bytes)
1662014952.615963 sending message 112 to peer 0x99dea60 (21 bytes)
1662014952.615966 sending message 112 to peer 0x99dea60 (13 bytes)
1662014952.615969 sending message 112 to peer 0x99dea60 (8 bytes)
1662014952.615971 sending message 112 to peer 0x99dea60 (12 bytes)
1662014952.615974 sending message 112 to peer 0x99dea60 (13 bytes)
1662014952.615977 sending message 112 to peer 0x99dea60 (9 bytes)
1662014952.615980 sending message 112 to peer 0x99dea60 (9 bytes)
1662014952.615983 sending message 112 to peer 0x99dea60 (12 bytes)
1662014952.615986 sending message 112 to peer 0x99dea60 (8 bytes)
1662014952.615988 sending message 112 to peer 0x99dea60 (7 bytes)
1662014952.615991 sending message 112 to peer 0x99dea60 (7 bytes)
1662014952.615994 sending message 112 to peer 0x99dea60 (9 bytes)
1662014952.615997 sending message 112 to peer 0x99dea60 (13 bytes)
1662014952.616000 sending message 112 to peer 0x99dea60 (9 bytes)
1662014952.616003 sending message 112 to peer 0x99dea60 (15 bytes)
1662014952.616006 sending message 112 to peer 0x99dea60 (13 bytes)
1662014952.616008 sending message 112 to peer 0x99dea60 (12 bytes)
1662014952.616011 sending message 112 to peer 0x99dea60 (8 bytes)
1662014952.616014 sending message 112 to peer 0x99dea60 (14 bytes)
1662014952.616017 sending message 112 to peer 0x99dea60 (9 bytes)
1662014952.616020 sending message 112 to peer 0x99dea60 (10 bytes)
1662014952.616022 sending message 112 to peer 0x99dea60 (10 bytes)
1662014952.616025 sending message 112 to peer 0x99dea60 (10 bytes)
1662014952.616028 sending message 112 to peer 0x99dea60 (10 bytes)
1662014952.616031 sending message 112 to peer 0x99dea60 (11 bytes)
1662014952.616034 sending message 112 to peer 0x99dea60 (10 bytes)
1662014952.616036 sending message 112 to peer 0x99dea60 (8 bytes)
1662014952.616039 sending message 112 to peer 0x99dea60 (11 bytes)
1662014952.616068 sending message 112 to peer 0x99dea60 (11 bytes)
1662014952.616072 sending message 112 to peer 0x99dea60 (11 bytes)
1662014952.616075 sending message 112 to peer 0x99dea60 (8 bytes)
1662014952.616077 sending message 112 to peer 0x99dea60 (8 bytes)
1662014952.616080 sending message 112 to peer 0x99dea60 (8 bytes)
1662014952.616083 sending message 112 to peer 0x99dea60 (10 bytes)
1662014952.616086 sending message 112 to peer 0x99dea60 (10 bytes)
1662014952.616089 sending message 112 to peer 0x99dea60 (10 bytes)
1662014952.616092 sending message 112 to peer 0x99dea60 (10 bytes)
1662014952.616094 sending message 112 to peer 0x99dea60 (10 bytes)
1662014952.616097 sending message 112 to peer 0x99dea60 (11 bytes)
1662014952.616100 sending message 112 to peer 0x99dea60 (11 bytes)
1662014952.616103 sending message 112 to peer 0x99dea60 (10 bytes)
1662014952.616106 sending message 112 to peer 0x99dea60 (9 bytes)
1662014952.616109 sending message 112 to peer 0x99dea60 (9 bytes)
1662014952.616112 sending message 112 to peer 0x99dea60 (12 bytes)
1662014952.616114 sending message 112 to peer 0x99dea60 (9 bytes)
1662014952.616117 sending message 112 to peer 0x99dea60 (6 bytes)
1662014952.616120 sending message 112 to peer 0x99dea60 (13 bytes)
1662014952.616123 sending message 112 to peer 0x99dea60 (8 bytes)
1662014952.616126 sending message 112 to peer 0x99dea60 (15 bytes)
1662014952.616129 sending message 112 to peer 0x99dea60 (13 bytes)
1662014952.616132 sending message 112 to peer 0x99dea60 (70 bytes)
1662014952.616135 sending message 112 to peer 0x99dea60 (69 bytes)
1662014952.616138 sending message 112 to peer 0x99dea60 (10 bytes)
1662014952.616142 sending message 112 to peer 0x99dea60 (8 bytes)
1662014952.616144 sending message 112 to peer 0x99dea60 (15 bytes)
1662014952.616148 sending message 112 to peer 0x99dea60 (13 bytes)
1662014952.616150 sending message 112 to peer 0x99dea60 (10 bytes)
1662014952.616153 sending message 112 to peer 0x99dea60 (10 bytes)
1662014952.616156 sending message 112 to peer 0x99dea60 (5 bytes)
1662014952.616159 sending message 112 to peer 0x99dea60 (15 bytes)
1662014952.616164 sending message 104 to peer 0x99dea60 (0 bytes)
1662014952.616168 sending message 110 to peer 0x99dea60 (0 bytes)
1662014952.616172 sending message 107 to peer 0x99dea60 (4 bytes)
1662014952.616175 sending message 105 to peer 0x99dea60 (16 bytes)
1662014952.616178 sending message 105 to peer 0x99dea60 (23 bytes)
1662014952.616181 sending message 105 to peer 0x99dea60 (20 bytes)
1662014952.616184 sending message 105 to peer 0x99dea60 (24 bytes)
1662014952.616187 sending message 105 to peer 0x99dea60 (41 bytes)
1662014952.616190 sending message 105 to peer 0x99dea60 (22 bytes)
1662014952.616193 sending message 105 to peer 0x99dea60 (21 bytes)
1662014952.616196 sending message 105 to peer 0x99dea60 (15 bytes)
1662014952.616199 sending message 105 to peer 0x99dea60 (25 bytes)
1662014952.616201 sending message 105 to peer 0x99dea60 (17 bytes)
1662014952.616204 sending message 105 to peer 0x99dea60 (21 bytes)
1662014952.616209 sending message 105 to peer 0x99dea60 (1506 bytes)
1662014952.616219 sending message 105 to peer 0x99dea60 (55 bytes)
1662014952.616222 sending message 105 to peer 0x99dea60 (34 bytes)
1662014952.616225 sending message 105 to peer 0x99dea60 (23 bytes)
1662014952.616228 sending message 105 to peer 0x99dea60 (21 bytes)
1662014952.616231 sending message 105 to peer 0x99dea60 (30 bytes)
1662014952.616234 sending message 105 to peer 0x99dea60 (32 bytes)
1662014952.616237 sending message 105 to peer 0x99dea60 (19 bytes)
1662014952.616240 sending message 105 to peer 0x99dea60 (26 bytes)
1662014952.616243 sending message 105 to peer 0x99dea60 (8 bytes)
1662014952.616246 sending message 105 to peer 0x99dea60 (25 bytes)
1662014952.616249 sending message 105 to peer 0x99dea60 (27 bytes)
1662014952.616252 sending message 105 to peer 0x99dea60 (18 bytes)
1662014952.616254 sending message 105 to peer 0x99dea60 (31 bytes)
1662014952.616257 sending message 105 to peer 0x99dea60 (37 bytes)
1662014952.616274 sending message 105 to peer 0x99dea60 (20 bytes)
1662014952.616278 sending message 105 to peer 0x99dea60 (65 bytes)
1662014952.616281 sending message 105 to peer 0x99dea60 (202 bytes)
1662014952.616284 sending message 105 to peer 0x99dea60 (54 bytes)
1662014952.616287 sending message 105 to peer 0x99dea60 (19 bytes)
1662014952.616290 sending message 105 to peer 0x99dea60 (23 bytes)
1662014952.616293 sending message 105 to peer 0x99dea60 (35 bytes)
1662014952.616296 sending message 105 to peer 0x99dea60 (38 bytes)
1662014952.616298 sending message 106 to peer 0x99dea60 (0 bytes)
1662014952.616399 sending message 200 to peer 0x99dea60 (4 bytes)
1662014952.616414 client loop enter
1662014952.616469 client_signal: Child exited
1662014952.679443 peer 0x99dea60 message 207
1662014952.679466 sending message 208 to peer 0x99dea60 (0 bytes)
1662014955.068525 peer 0x99dea60 message 203
1662014955.068571 sending message 205 to peer 0x99dea60 (0 bytes)
1662014955.069264 peer 0x99dea60 message 204
1662014955.069279 client loop exit
